[INFO ] 2019-05-06T13:40:03,679 [main] Starter - Starting Starter on lauragongas with PID 82385 (/Users/lauragongas/cordapp/clients/build/classes/java/main started by lauragongas in /Users/lauragongas/cordapp/clients)
[INFO ] 2019-05-06T13:40:03,715 [main] Starter - No active profile set, falling back to default profiles: default
[INFO ] 2019-05-06T13:40:03,838 [main] AnnotationConfigServletWebServerApplicationContext - Refreshing org.springframework.boot.web.servlet.context.AnnotationConfigServletWebServerApplicationContext@f9d87b: startup date [Mon May 06 08:40:03 COT 2019]; root of context hierarchy
[INFO ] 2019-05-06T13:40:07,030 [main] TomcatWebServer - Tomcat initialized with port(s): 10050 (http)
[INFO ] 2019-05-06T13:40:07,074 [main] Http11NioProtocol - Initializing ProtocolHandler ["http-nio-10050"]
[INFO ] 2019-05-06T13:40:07,098 [main] StandardService - Starting service [Tomcat]
[INFO ] 2019-05-06T13:40:07,099 [main] StandardEngine - Starting Servlet Engine: Apache Tomcat/8.5.31
[INFO ] 2019-05-06T13:40:07,116 [localhost-startStop-1] AprLifecycleListener - The APR based Apache Tomcat Native library which allows optimal performance in production environments was not found on the java.library.path: [/Users/lauragongas/Library/Java/Extensions:/Library/Java/Extensions:/Network/Library/Java/Extensions:/System/Library/Java/Extensions:/usr/lib/java:.]
[INFO ] 2019-05-06T13:40:07,377 [localhost-startStop-1] [/] - Initializing Spring embedded WebApplicationContext
[INFO ] 2019-05-06T13:40:07,378 [localhost-startStop-1] ContextLoader - Root WebApplicationContext: initialization completed in 3546 ms
[INFO ] 2019-05-06T13:40:07,724 [localhost-startStop-1] ServletRegistrationBean - Servlet dispatcherServlet mapped to [/]
[INFO ] 2019-05-06T13:40:07,736 [localhost-startStop-1] FilterRegistrationBean - Mapping filter: 'characterEncodingFilter' to: [/*]
[INFO ] 2019-05-06T13:40:07,737 [localhost-startStop-1] FilterRegistrationBean - Mapping filter: 'hiddenHttpMethodFilter' to: [/*]
[INFO ] 2019-05-06T13:40:07,738 [localhost-startStop-1] FilterRegistrationBean - Mapping filter: 'httpPutFormContentFilter' to: [/*]
[INFO ] 2019-05-06T13:40:07,740 [localhost-startStop-1] FilterRegistrationBean - Mapping filter: 'requestContextFilter' to: [/*]
[INFO ] 2019-05-06T13:40:10,829 [main] RPCClient - Startup took 2685 msec
[INFO ] 2019-05-06T13:40:11,035 [main] SimpleUrlHandlerMapping - Mapped URL path [/**/favicon.ico] onto handler of type [class org.springframework.web.servlet.resource.ResourceHttpRequestHandler]
[INFO ] 2019-05-06T13:40:11,562 [main] RequestMappingHandlerAdapter - Looking for @ControllerAdvice: org.springframework.boot.web.servlet.context.AnnotationConfigServletWebServerApplicationContext@f9d87b: startup date [Mon May 06 08:40:03 COT 2019]; root of context hierarchy
[INFO ] 2019-05-06T13:40:11,770 [main] RequestMappingHandlerMapping - Mapped "{[/addresses],methods=[GET],produces=[text/plain]}" onto private java.lang.String com.template.webserver.Controller.addresses()
[INFO ] 2019-05-06T13:40:11,772 [main] RequestMappingHandlerMapping - Mapped "{[/states],methods=[GET],produces=[text/plain]}" onto private java.lang.String com.template.webserver.Controller.states()
[INFO ] 2019-05-06T13:40:11,773 [main] RequestMappingHandlerMapping - Mapped "{[/templateendpoint],methods=[GET],produces=[text/plain]}" onto private java.lang.String com.template.webserver.Controller.templateendpoint()
[INFO ] 2019-05-06T13:40:11,775 [main] RequestMappingHandlerMapping - Mapped "{[/issue],methods=[GET],produces=[text/plain]}" onto private java.lang.String com.template.webserver.Controller.issue()
[INFO ] 2019-05-06T13:40:11,787 [main] RequestMappingHandlerMapping - Mapped "{[/error]}" onto public org.springframework.http.ResponseEntity<java.util.Map<java.lang.String, java.lang.Object>> org.springframework.boot.autoconfigure.web.servlet.error.BasicErrorController.error(javax.servlet.http.HttpServletRequest)
[INFO ] 2019-05-06T13:40:11,788 [main] RequestMappingHandlerMapping - Mapped "{[/error],produces=[text/html]}" onto public org.springframework.web.servlet.ModelAndView org.springframework.boot.autoconfigure.web.servlet.error.BasicErrorController.errorHtml(javax.servlet.http.HttpServletRequest,javax.servlet.http.HttpServletResponse)
[INFO ] 2019-05-06T13:40:11,859 [main] SimpleUrlHandlerMapping - Mapped URL path [/webjars/**] onto handler of type [class org.springframework.web.servlet.resource.ResourceHttpRequestHandler]
[INFO ] 2019-05-06T13:40:11,859 [main] SimpleUrlHandlerMapping - Mapped URL path [/**] onto handler of type [class org.springframework.web.servlet.resource.ResourceHttpRequestHandler]
[INFO ] 2019-05-06T13:40:12,001 [main] WelcomePageHandlerMapping - Adding welcome page: class path resource [static/index.html]
[INFO ] 2019-05-06T13:40:12,336 [main] AnnotationMBeanExporter - Registering beans for JMX exposure on startup
[INFO ] 2019-05-06T13:40:12,366 [main] Http11NioProtocol - Starting ProtocolHandler ["http-nio-10050"]
[INFO ] 2019-05-06T13:40:12,407 [main] NioSelectorPool - Using a shared selector for servlet write/read
[INFO ] 2019-05-06T13:40:12,440 [main] TomcatWebServer - Tomcat started on port(s): 10050 (http) with context path ''
[INFO ] 2019-05-06T13:40:12,448 [main] Starter - Started Starter in 11.826 seconds (JVM running for 13.831)
[INFO ] 2019-05-06T13:40:39,395 [http-nio-10050-exec-1] [/] - Initializing Spring FrameworkServlet 'dispatcherServlet'
[INFO ] 2019-05-06T13:40:39,397 [http-nio-10050-exec-1] DispatcherServlet - FrameworkServlet 'dispatcherServlet': initialization started
[INFO ] 2019-05-06T13:40:39,477 [http-nio-10050-exec-1] DispatcherServlet - FrameworkServlet 'dispatcherServlet': initialization completed in 75 ms
[INFO ] 2019-05-06T14:11:19,419 [Thread-4] AnnotationConfigServletWebServerApplicationContext - Closing org.springframework.boot.web.servlet.context.AnnotationConfigServletWebServerApplicationContext@f9d87b: startup date [Mon May 06 08:40:03 COT 2019]; root of context hierarchy
[INFO ] 2019-05-06T14:11:20,451 [Thread-4] AnnotationMBeanExporter - Unregistering JMX-exposed beans on shutdown
[WARN ] 2019-05-06T14:11:30,057 [Thread-11 (ActiveMQ-client-global-threads)] client - AMQ212037: Connection failure has been detected: AMQ119015: The connection was disconnected because of server shutdown [code=DISCONNECTED]
[INFO ] 2019-05-06T14:16:37,346 [main] Starter - Starting Starter on lauragongas with PID 83275 (/Users/lauragongas/cordapp/clients/build/classes/java/main started by lauragongas in /Users/lauragongas/cordapp/clients)
[INFO ] 2019-05-06T14:16:37,363 [main] Starter - No active profile set, falling back to default profiles: default
[INFO ] 2019-05-06T14:16:37,515 [main] AnnotationConfigServletWebServerApplicationContext - Refreshing org.springframework.boot.web.servlet.context.AnnotationConfigServletWebServerApplicationContext@f9d87b: startup date [Mon May 06 09:16:37 COT 2019]; root of context hierarchy
[INFO ] 2019-05-06T14:16:40,723 [main] TomcatWebServer - Tomcat initialized with port(s): 10050 (http)
[INFO ] 2019-05-06T14:16:40,781 [main] Http11NioProtocol - Initializing ProtocolHandler ["http-nio-10050"]
[INFO ] 2019-05-06T14:16:40,814 [main] StandardService - Starting service [Tomcat]
[INFO ] 2019-05-06T14:16:40,819 [main] StandardEngine - Starting Servlet Engine: Apache Tomcat/8.5.31
[INFO ] 2019-05-06T14:16:40,853 [localhost-startStop-1] AprLifecycleListener - The APR based Apache Tomcat Native library which allows optimal performance in production environments was not found on the java.library.path: [/Users/lauragongas/Library/Java/Extensions:/Library/Java/Extensions:/Network/Library/Java/Extensions:/System/Library/Java/Extensions:/usr/lib/java:.]
[INFO ] 2019-05-06T14:16:41,109 [localhost-startStop-1] [/] - Initializing Spring embedded WebApplicationContext
[INFO ] 2019-05-06T14:16:41,110 [localhost-startStop-1] ContextLoader - Root WebApplicationContext: initialization completed in 3604 ms
[INFO ] 2019-05-06T14:16:41,468 [localhost-startStop-1] ServletRegistrationBean - Servlet dispatcherServlet mapped to [/]
[INFO ] 2019-05-06T14:16:41,476 [localhost-startStop-1] FilterRegistrationBean - Mapping filter: 'characterEncodingFilter' to: [/*]
[INFO ] 2019-05-06T14:16:41,478 [localhost-startStop-1] FilterRegistrationBean - Mapping filter: 'hiddenHttpMethodFilter' to: [/*]
[INFO ] 2019-05-06T14:16:41,479 [localhost-startStop-1] FilterRegistrationBean - Mapping filter: 'httpPutFormContentFilter' to: [/*]
[INFO ] 2019-05-06T14:16:41,480 [localhost-startStop-1] FilterRegistrationBean - Mapping filter: 'requestContextFilter' to: [/*]
[INFO ] 2019-05-06T14:16:45,634 [main] RPCClient - Startup took 3705 msec
[INFO ] 2019-05-06T14:16:45,973 [main] SimpleUrlHandlerMapping - Mapped URL path [/**/favicon.ico] onto handler of type [class org.springframework.web.servlet.resource.ResourceHttpRequestHandler]
[INFO ] 2019-05-06T14:16:46,917 [main] RequestMappingHandlerAdapter - Looking for @ControllerAdvice: org.springframework.boot.web.servlet.context.AnnotationConfigServletWebServerApplicationContext@f9d87b: startup date [Mon May 06 09:16:37 COT 2019]; root of context hierarchy
[INFO ] 2019-05-06T14:16:47,220 [main] RequestMappingHandlerMapping - Mapped "{[/addresses],methods=[GET],produces=[text/plain]}" onto private java.lang.String com.template.webserver.Controller.addresses()
[INFO ] 2019-05-06T14:16:47,224 [main] RequestMappingHandlerMapping - Mapped "{[/states],methods=[GET],produces=[text/plain]}" onto private java.lang.String com.template.webserver.Controller.states()
[INFO ] 2019-05-06T14:16:47,226 [main] RequestMappingHandlerMapping - Mapped "{[/issue],methods=[GET],produces=[text/plain]}" onto private java.lang.String com.template.webserver.Controller.issue()
[INFO ] 2019-05-06T14:16:47,230 [main] RequestMappingHandlerMapping - Mapped "{[/templateendpoint],methods=[GET],produces=[text/plain]}" onto private java.lang.String com.template.webserver.Controller.templateendpoint()
[INFO ] 2019-05-06T14:16:47,232 [main] RequestMappingHandlerMapping - Mapped "{[/issue_request],methods=[POST]}" onto public void com.template.webserver.Controller.issue_request(java.util.Map<java.lang.String, java.lang.Object>) throws java.lang.Exception
[INFO ] 2019-05-06T14:16:47,245 [main] RequestMappingHandlerMapping - Mapped "{[/error]}" onto public org.springframework.http.ResponseEntity<java.util.Map<java.lang.String, java.lang.Object>> org.springframework.boot.autoconfigure.web.servlet.error.BasicErrorController.error(javax.servlet.http.HttpServletRequest)
[INFO ] 2019-05-06T14:16:47,246 [main] RequestMappingHandlerMapping - Mapped "{[/error],produces=[text/html]}" onto public org.springframework.web.servlet.ModelAndView org.springframework.boot.autoconfigure.web.servlet.error.BasicErrorController.errorHtml(javax.servlet.http.HttpServletRequest,javax.servlet.http.HttpServletResponse)
[INFO ] 2019-05-06T14:16:47,311 [main] SimpleUrlHandlerMapping - Mapped URL path [/webjars/**] onto handler of type [class org.springframework.web.servlet.resource.ResourceHttpRequestHandler]
[INFO ] 2019-05-06T14:16:47,315 [main] SimpleUrlHandlerMapping - Mapped URL path [/**] onto handler of type [class org.springframework.web.servlet.resource.ResourceHttpRequestHandler]
[INFO ] 2019-05-06T14:16:47,536 [main] WelcomePageHandlerMapping - Adding welcome page: class path resource [static/index.html]
[INFO ] 2019-05-06T14:16:48,102 [main] AnnotationMBeanExporter - Registering beans for JMX exposure on startup
[INFO ] 2019-05-06T14:16:48,158 [main] Http11NioProtocol - Starting ProtocolHandler ["http-nio-10050"]
[INFO ] 2019-05-06T14:16:48,227 [main] NioSelectorPool - Using a shared selector for servlet write/read
[INFO ] 2019-05-06T14:16:48,300 [main] TomcatWebServer - Tomcat started on port(s): 10050 (http) with context path ''
[INFO ] 2019-05-06T14:16:48,324 [main] Starter - Started Starter in 14.835 seconds (JVM running for 17.607)
[INFO ] 2019-05-06T14:17:02,363 [http-nio-10050-exec-1] [/] - Initializing Spring FrameworkServlet 'dispatcherServlet'
[INFO ] 2019-05-06T14:17:02,371 [http-nio-10050-exec-1] DispatcherServlet - FrameworkServlet 'dispatcherServlet': initialization started
[INFO ] 2019-05-06T14:17:02,668 [http-nio-10050-exec-1] DispatcherServlet - FrameworkServlet 'dispatcherServlet': initialization completed in 293 ms
[WARN ] 2019-05-06T14:25:01,218 [http-nio-10050-exec-7] PageNotFound - Request method 'GET' not supported
[INFO ] 2019-05-06T14:27:52,240 [Thread-4] AnnotationConfigServletWebServerApplicationContext - Closing org.springframework.boot.web.servlet.context.AnnotationConfigServletWebServerApplicationContext@f9d87b: startup date [Mon May 06 09:16:37 COT 2019]; root of context hierarchy
[INFO ] 2019-05-06T14:27:52,394 [Thread-4] AnnotationMBeanExporter - Unregistering JMX-exposed beans on shutdown
[INFO ] 2019-05-06T14:32:49,879 [main] Starter - Starting Starter on lauragongas with PID 83961 (/Users/lauragongas/cordapp/clients/build/classes/java/main started by lauragongas in /Users/lauragongas/cordapp/clients)
[INFO ] 2019-05-06T14:32:49,893 [main] Starter - No active profile set, falling back to default profiles: default
[INFO ] 2019-05-06T14:32:50,039 [main] AnnotationConfigServletWebServerApplicationContext - Refreshing org.springframework.boot.web.servlet.context.AnnotationConfigServletWebServerApplicationContext@f9d87b: startup date [Mon May 06 09:32:50 COT 2019]; root of context hierarchy
[INFO ] 2019-05-06T14:32:52,825 [main] TomcatWebServer - Tomcat initialized with port(s): 10050 (http)
[INFO ] 2019-05-06T14:32:52,864 [main] Http11NioProtocol - Initializing ProtocolHandler ["http-nio-10050"]
[INFO ] 2019-05-06T14:32:52,894 [main] StandardService - Starting service [Tomcat]
[INFO ] 2019-05-06T14:32:52,895 [main] StandardEngine - Starting Servlet Engine: Apache Tomcat/8.5.31
[INFO ] 2019-05-06T14:32:52,920 [localhost-startStop-1] AprLifecycleListener - The APR based Apache Tomcat Native library which allows optimal performance in production environments was not found on the java.library.path: [/Users/lauragongas/Library/Java/Extensions:/Library/Java/Extensions:/Network/Library/Java/Extensions:/System/Library/Java/Extensions:/usr/lib/java:.]
[INFO ] 2019-05-06T14:32:53,172 [localhost-startStop-1] [/] - Initializing Spring embedded WebApplicationContext
[INFO ] 2019-05-06T14:32:53,173 [localhost-startStop-1] ContextLoader - Root WebApplicationContext: initialization completed in 3142 ms
[INFO ] 2019-05-06T14:32:53,458 [localhost-startStop-1] ServletRegistrationBean - Servlet dispatcherServlet mapped to [/]
[INFO ] 2019-05-06T14:32:53,466 [localhost-startStop-1] FilterRegistrationBean - Mapping filter: 'characterEncodingFilter' to: [/*]
[INFO ] 2019-05-06T14:32:53,466 [localhost-startStop-1] FilterRegistrationBean - Mapping filter: 'hiddenHttpMethodFilter' to: [/*]
[INFO ] 2019-05-06T14:32:53,467 [localhost-startStop-1] FilterRegistrationBean - Mapping filter: 'httpPutFormContentFilter' to: [/*]
[INFO ] 2019-05-06T14:32:53,467 [localhost-startStop-1] FilterRegistrationBean - Mapping filter: 'requestContextFilter' to: [/*]
[INFO ] 2019-05-06T14:32:56,765 [main] RPCClient - Startup took 2901 msec
[INFO ] 2019-05-06T14:32:56,985 [main] SimpleUrlHandlerMapping - Mapped URL path [/**/favicon.ico] onto handler of type [class org.springframework.web.servlet.resource.ResourceHttpRequestHandler]
[INFO ] 2019-05-06T14:32:57,538 [main] RequestMappingHandlerAdapter - Looking for @ControllerAdvice: org.springframework.boot.web.servlet.context.AnnotationConfigServletWebServerApplicationContext@f9d87b: startup date [Mon May 06 09:32:50 COT 2019]; root of context hierarchy
[INFO ] 2019-05-06T14:32:57,745 [main] RequestMappingHandlerMapping - Mapped "{[/addresses],methods=[GET],produces=[text/plain]}" onto private java.lang.String com.template.webserver.Controller.addresses()
[INFO ] 2019-05-06T14:32:57,749 [main] RequestMappingHandlerMapping - Mapped "{[/states],methods=[GET],produces=[text/plain]}" onto private java.lang.String com.template.webserver.Controller.states()
[INFO ] 2019-05-06T14:32:57,752 [main] RequestMappingHandlerMapping - Mapped "{[/issue],methods=[GET],produces=[text/plain]}" onto private java.lang.String com.template.webserver.Controller.issue()
[INFO ] 2019-05-06T14:32:57,754 [main] RequestMappingHandlerMapping - Mapped "{[/templateendpoint],methods=[GET],produces=[text/plain]}" onto private java.lang.String com.template.webserver.Controller.templateendpoint()
[INFO ] 2019-05-06T14:32:57,756 [main] RequestMappingHandlerMapping - Mapped "{[/issue_request],methods=[POST]}" onto public void com.template.webserver.Controller.issue_request(java.util.Map<java.lang.String, java.lang.Object>) throws java.lang.Exception
[INFO ] 2019-05-06T14:32:57,763 [main] RequestMappingHandlerMapping - Mapped "{[/error]}" onto public org.springframework.http.ResponseEntity<java.util.Map<java.lang.String, java.lang.Object>> org.springframework.boot.autoconfigure.web.servlet.error.BasicErrorController.error(javax.servlet.http.HttpServletRequest)
[INFO ] 2019-05-06T14:32:57,764 [main] RequestMappingHandlerMapping - Mapped "{[/error],produces=[text/html]}" onto public org.springframework.web.servlet.ModelAndView org.springframework.boot.autoconfigure.web.servlet.error.BasicErrorController.errorHtml(javax.servlet.http.HttpServletRequest,javax.servlet.http.HttpServletResponse)
[INFO ] 2019-05-06T14:32:57,827 [main] SimpleUrlHandlerMapping - Mapped URL path [/webjars/**] onto handler of type [class org.springframework.web.servlet.resource.ResourceHttpRequestHandler]
[INFO ] 2019-05-06T14:32:57,828 [main] SimpleUrlHandlerMapping - Mapped URL path [/**] onto handler of type [class org.springframework.web.servlet.resource.ResourceHttpRequestHandler]
[INFO ] 2019-05-06T14:32:57,945 [main] WelcomePageHandlerMapping - Adding welcome page: class path resource [static/index.html]
[INFO ] 2019-05-06T14:32:58,275 [main] AnnotationMBeanExporter - Registering beans for JMX exposure on startup
[INFO ] 2019-05-06T14:32:58,308 [main] Http11NioProtocol - Starting ProtocolHandler ["http-nio-10050"]
[INFO ] 2019-05-06T14:32:58,349 [main] NioSelectorPool - Using a shared selector for servlet write/read
[INFO ] 2019-05-06T14:32:58,385 [main] TomcatWebServer - Tomcat started on port(s): 10050 (http) with context path ''
[INFO ] 2019-05-06T14:32:58,396 [main] Starter - Started Starter in 11.397 seconds (JVM running for 13.393)
[INFO ] 2019-05-06T14:33:36,304 [http-nio-10050-exec-1] [/] - Initializing Spring FrameworkServlet 'dispatcherServlet'
[INFO ] 2019-05-06T14:33:36,306 [http-nio-10050-exec-1] DispatcherServlet - FrameworkServlet 'dispatcherServlet': initialization started
[INFO ] 2019-05-06T14:33:36,333 [http-nio-10050-exec-1] DispatcherServlet - FrameworkServlet 'dispatcherServlet': initialization completed in 27 ms
[INFO ] 2019-05-06T14:37:24,947 [Thread-4] AnnotationConfigServletWebServerApplicationContext - Closing org.springframework.boot.web.servlet.context.AnnotationConfigServletWebServerApplicationContext@f9d87b: startup date [Mon May 06 09:32:50 COT 2019]; root of context hierarchy
[INFO ] 2019-05-06T14:37:25,022 [Thread-4] AnnotationMBeanExporter - Unregistering JMX-exposed beans on shutdown
[INFO ] 2019-05-06T15:23:32,498 [main] Starter - Starting Starter on lauragongas with PID 1554 (/Users/lauragongas/cordapp/clients/build/classes/java/main started by lauragongas in /Users/lauragongas/cordapp/clients)
[INFO ] 2019-05-06T15:23:32,507 [main] Starter - No active profile set, falling back to default profiles: default
[INFO ] 2019-05-06T15:23:32,588 [main] AnnotationConfigServletWebServerApplicationContext - Refreshing org.springframework.boot.web.servlet.context.AnnotationConfigServletWebServerApplicationContext@f9d87b: startup date [Mon May 06 10:23:32 COT 2019]; root of context hierarchy
[INFO ] 2019-05-06T15:23:34,692 [main] TomcatWebServer - Tomcat initialized with port(s): 10050 (http)
[INFO ] 2019-05-06T15:23:34,719 [main] Http11NioProtocol - Initializing ProtocolHandler ["http-nio-10050"]
[INFO ] 2019-05-06T15:23:34,737 [main] StandardService - Starting service [Tomcat]
[INFO ] 2019-05-06T15:23:34,738 [main] StandardEngine - Starting Servlet Engine: Apache Tomcat/8.5.31
[INFO ] 2019-05-06T15:23:34,754 [localhost-startStop-1] AprLifecycleListener - The APR based Apache Tomcat Native library which allows optimal performance in production environments was not found on the java.library.path: [/Users/lauragongas/Library/Java/Extensions:/Library/Java/Extensions:/Network/Library/Java/Extensions:/System/Library/Java/Extensions:/usr/lib/java:.]
[INFO ] 2019-05-06T15:23:34,940 [localhost-startStop-1] [/] - Initializing Spring embedded WebApplicationContext
[INFO ] 2019-05-06T15:23:34,941 [localhost-startStop-1] ContextLoader - Root WebApplicationContext: initialization completed in 2358 ms
[INFO ] 2019-05-06T15:23:35,132 [localhost-startStop-1] ServletRegistrationBean - Servlet dispatcherServlet mapped to [/]
[INFO ] 2019-05-06T15:23:35,137 [localhost-startStop-1] FilterRegistrationBean - Mapping filter: 'characterEncodingFilter' to: [/*]
[INFO ] 2019-05-06T15:23:35,138 [localhost-startStop-1] FilterRegistrationBean - Mapping filter: 'hiddenHttpMethodFilter' to: [/*]
[INFO ] 2019-05-06T15:23:35,138 [localhost-startStop-1] FilterRegistrationBean - Mapping filter: 'httpPutFormContentFilter' to: [/*]
[INFO ] 2019-05-06T15:23:35,138 [localhost-startStop-1] FilterRegistrationBean - Mapping filter: 'requestContextFilter' to: [/*]
[INFO ] 2019-05-06T15:23:37,706 [main] RPCClient - Startup took 2289 msec
[INFO ] 2019-05-06T15:23:37,880 [main] SimpleUrlHandlerMapping - Mapped URL path [/**/favicon.ico] onto handler of type [class org.springframework.web.servlet.resource.ResourceHttpRequestHandler]
[INFO ] 2019-05-06T15:23:38,348 [main] RequestMappingHandlerAdapter - Looking for @ControllerAdvice: org.springframework.boot.web.servlet.context.AnnotationConfigServletWebServerApplicationContext@f9d87b: startup date [Mon May 06 10:23:32 COT 2019]; root of context hierarchy
[INFO ] 2019-05-06T15:23:38,517 [main] RequestMappingHandlerMapping - Mapped "{[/addresses],methods=[GET],produces=[text/plain]}" onto private java.lang.String com.template.webserver.Controller.addresses()
[INFO ] 2019-05-06T15:23:38,521 [main] RequestMappingHandlerMapping - Mapped "{[/states],methods=[GET],produces=[text/plain]}" onto private java.lang.String com.template.webserver.Controller.states()
[INFO ] 2019-05-06T15:23:38,524 [main] RequestMappingHandlerMapping - Mapped "{[/issue],methods=[POST]}" onto public java.lang.String com.template.webserver.Controller.issue(java.util.Map<java.lang.String, java.lang.Object>) throws java.lang.Exception
[INFO ] 2019-05-06T15:23:38,526 [main] RequestMappingHandlerMapping - Mapped "{[/templateendpoint],methods=[GET],produces=[text/plain]}" onto private java.lang.String com.template.webserver.Controller.templateendpoint()
[INFO ] 2019-05-06T15:23:38,531 [main] RequestMappingHandlerMapping - Mapped "{[/error]}" onto public org.springframework.http.ResponseEntity<java.util.Map<java.lang.String, java.lang.Object>> org.springframework.boot.autoconfigure.web.servlet.error.BasicErrorController.error(javax.servlet.http.HttpServletRequest)
[INFO ] 2019-05-06T15:23:38,535 [main] RequestMappingHandlerMapping - Mapped "{[/error],produces=[text/html]}" onto public org.springframework.web.servlet.ModelAndView org.springframework.boot.autoconfigure.web.servlet.error.BasicErrorController.errorHtml(javax.servlet.http.HttpServletRequest,javax.servlet.http.HttpServletResponse)
[INFO ] 2019-05-06T15:23:38,589 [main] SimpleUrlHandlerMapping - Mapped URL path [/webjars/**] onto handler of type [class org.springframework.web.servlet.resource.ResourceHttpRequestHandler]
[INFO ] 2019-05-06T15:23:38,591 [main] SimpleUrlHandlerMapping - Mapped URL path [/**] onto handler of type [class org.springframework.web.servlet.resource.ResourceHttpRequestHandler]
[INFO ] 2019-05-06T15:23:38,700 [main] WelcomePageHandlerMapping - Adding welcome page: class path resource [static/index.html]
[INFO ] 2019-05-06T15:23:38,936 [main] AnnotationMBeanExporter - Registering beans for JMX exposure on startup
[INFO ] 2019-05-06T15:23:38,961 [main] Http11NioProtocol - Starting ProtocolHandler ["http-nio-10050"]
[INFO ] 2019-05-06T15:23:38,987 [main] NioSelectorPool - Using a shared selector for servlet write/read
[INFO ] 2019-05-06T15:23:39,018 [main] TomcatWebServer - Tomcat started on port(s): 10050 (http) with context path ''
[INFO ] 2019-05-06T15:23:39,026 [main] Starter - Started Starter in 8.744 seconds (JVM running for 10.242)
[INFO ] 2019-05-06T15:37:18,251 [Thread-4] AnnotationConfigServletWebServerApplicationContext - Closing org.springframework.boot.web.servlet.context.AnnotationConfigServletWebServerApplicationContext@f9d87b: startup date [Mon May 06 10:23:32 COT 2019]; root of context hierarchy
[INFO ] 2019-05-06T15:37:18,265 [Thread-4] AnnotationMBeanExporter - Unregistering JMX-exposed beans on shutdown
[INFO ] 2019-05-06T15:46:40,557 [main] Starter - Starting Starter on lauragongas with PID 2302 (/Users/lauragongas/cordapp/clients/build/classes/java/main started by lauragongas in /Users/lauragongas/cordapp/clients)
[INFO ] 2019-05-06T15:46:40,568 [main] Starter - No active profile set, falling back to default profiles: default
[INFO ] 2019-05-06T15:46:40,656 [main] AnnotationConfigServletWebServerApplicationContext - Refreshing org.springframework.boot.web.servlet.context.AnnotationConfigServletWebServerApplicationContext@6ffab045: startup date [Mon May 06 10:46:40 COT 2019]; root of context hierarchy
[INFO ] 2019-05-06T15:46:42,718 [main] TomcatWebServer - Tomcat initialized with port(s): 10050 (http)
[INFO ] 2019-05-06T15:46:42,743 [main] Http11NioProtocol - Initializing ProtocolHandler ["http-nio-10050"]
[INFO ] 2019-05-06T15:46:42,763 [main] StandardService - Starting service [Tomcat]
[INFO ] 2019-05-06T15:46:42,764 [main] StandardEngine - Starting Servlet Engine: Apache Tomcat/8.5.31
[INFO ] 2019-05-06T15:46:42,779 [localhost-startStop-1] AprLifecycleListener - The APR based Apache Tomcat Native library which allows optimal performance in production environments was not found on the java.library.path: [/Users/lauragongas/Library/Java/Extensions:/Library/Java/Extensions:/Network/Library/Java/Extensions:/System/Library/Java/Extensions:/usr/lib/java:.]
[INFO ] 2019-05-06T15:46:42,951 [localhost-startStop-1] [/] - Initializing Spring embedded WebApplicationContext
[INFO ] 2019-05-06T15:46:42,952 [localhost-startStop-1] ContextLoader - Root WebApplicationContext: initialization completed in 2302 ms
[INFO ] 2019-05-06T15:46:43,166 [localhost-startStop-1] ServletRegistrationBean - Servlet dispatcherServlet mapped to [/]
[INFO ] 2019-05-06T15:46:43,173 [localhost-startStop-1] FilterRegistrationBean - Mapping filter: 'characterEncodingFilter' to: [/*]
[INFO ] 2019-05-06T15:46:43,174 [localhost-startStop-1] FilterRegistrationBean - Mapping filter: 'hiddenHttpMethodFilter' to: [/*]
[INFO ] 2019-05-06T15:46:43,174 [localhost-startStop-1] FilterRegistrationBean - Mapping filter: 'httpPutFormContentFilter' to: [/*]
[INFO ] 2019-05-06T15:46:43,175 [localhost-startStop-1] FilterRegistrationBean - Mapping filter: 'requestContextFilter' to: [/*]
[INFO ] 2019-05-06T15:46:45,583 [main] RPCClient - Startup took 2110 msec
[INFO ] 2019-05-06T15:46:45,733 [main] SimpleUrlHandlerMapping - Mapped URL path [/**/favicon.ico] onto handler of type [class org.springframework.web.servlet.resource.ResourceHttpRequestHandler]
[INFO ] 2019-05-06T15:46:46,108 [main] RequestMappingHandlerAdapter - Looking for @ControllerAdvice: org.springframework.boot.web.servlet.context.AnnotationConfigServletWebServerApplicationContext@6ffab045: startup date [Mon May 06 10:46:40 COT 2019]; root of context hierarchy
[INFO ] 2019-05-06T15:46:46,256 [main] RequestMappingHandlerMapping - Mapped "{[/transfer],methods=[POST]}" onto public java.lang.String com.template.webserver.Controller.transfer(java.util.Map<java.lang.String, java.lang.Object>) throws java.lang.Exception
[INFO ] 2019-05-06T15:46:46,259 [main] RequestMappingHandlerMapping - Mapped "{[/addresses],methods=[GET],produces=[text/plain]}" onto private java.lang.String com.template.webserver.Controller.addresses()
[INFO ] 2019-05-06T15:46:46,261 [main] RequestMappingHandlerMapping - Mapped "{[/states],methods=[GET],produces=[text/plain]}" onto private java.lang.String com.template.webserver.Controller.states()
[INFO ] 2019-05-06T15:46:46,263 [main] RequestMappingHandlerMapping - Mapped "{[/issue],methods=[POST]}" onto public java.lang.String com.template.webserver.Controller.issue(java.util.Map<java.lang.String, java.lang.Object>) throws java.lang.Exception
[INFO ] 2019-05-06T15:46:46,265 [main] RequestMappingHandlerMapping - Mapped "{[/templateendpoint],methods=[GET],produces=[text/plain]}" onto private java.lang.String com.template.webserver.Controller.templateendpoint()
[INFO ] 2019-05-06T15:46:46,269 [main] RequestMappingHandlerMapping - Mapped "{[/error]}" onto public org.springframework.http.ResponseEntity<java.util.Map<java.lang.String, java.lang.Object>> org.springframework.boot.autoconfigure.web.servlet.error.BasicErrorController.error(javax.servlet.http.HttpServletRequest)
[INFO ] 2019-05-06T15:46:46,270 [main] RequestMappingHandlerMapping - Mapped "{[/error],produces=[text/html]}" onto public org.springframework.web.servlet.ModelAndView org.springframework.boot.autoconfigure.web.servlet.error.BasicErrorController.errorHtml(javax.servlet.http.HttpServletRequest,javax.servlet.http.HttpServletResponse)
[INFO ] 2019-05-06T15:46:46,317 [main] SimpleUrlHandlerMapping - Mapped URL path [/webjars/**] onto handler of type [class org.springframework.web.servlet.resource.ResourceHttpRequestHandler]
[INFO ] 2019-05-06T15:46:46,318 [main] SimpleUrlHandlerMapping - Mapped URL path [/**] onto handler of type [class org.springframework.web.servlet.resource.ResourceHttpRequestHandler]
[INFO ] 2019-05-06T15:46:46,403 [main] WelcomePageHandlerMapping - Adding welcome page: class path resource [static/index.html]
[INFO ] 2019-05-06T15:46:46,640 [main] AnnotationMBeanExporter - Registering beans for JMX exposure on startup
[INFO ] 2019-05-06T15:46:46,668 [main] Http11NioProtocol - Starting ProtocolHandler ["http-nio-10050"]
[INFO ] 2019-05-06T15:46:46,694 [main] NioSelectorPool - Using a shared selector for servlet write/read
[INFO ] 2019-05-06T15:46:46,724 [main] TomcatWebServer - Tomcat started on port(s): 10050 (http) with context path ''
[INFO ] 2019-05-06T15:46:46,731 [main] Starter - Started Starter in 8.404 seconds (JVM running for 9.78)
[INFO ] 2019-05-06T15:47:02,367 [http-nio-10050-exec-1] [/] - Initializing Spring FrameworkServlet 'dispatcherServlet'
[INFO ] 2019-05-06T15:47:02,372 [http-nio-10050-exec-1] DispatcherServlet - FrameworkServlet 'dispatcherServlet': initialization started
[INFO ] 2019-05-06T15:47:02,454 [http-nio-10050-exec-1] DispatcherServlet - FrameworkServlet 'dispatcherServlet': initialization completed in 76 ms
[WARN ] 2019-05-06T15:47:02,640 [http-nio-10050-exec-1] PageNotFound - Request method 'GET' not supported
[INFO ] 2019-05-06T15:52:42,579 [Thread-4] AnnotationConfigServletWebServerApplicationContext - Closing org.springframework.boot.web.servlet.context.AnnotationConfigServletWebServerApplicationContext@6ffab045: startup date [Mon May 06 10:46:40 COT 2019]; root of context hierarchy
[INFO ] 2019-05-06T15:52:42,600 [Thread-4] AnnotationMBeanExporter - Unregistering JMX-exposed beans on shutdown
[INFO ] 2019-05-06T15:59:42,543 [main] Starter - Starting Starter on lauragongas with PID 2942 (/Users/lauragongas/cordapp/clients/build/classes/java/main started by lauragongas in /Users/lauragongas/cordapp/clients)
[INFO ] 2019-05-06T15:59:42,553 [main] Starter - No active profile set, falling back to default profiles: default
[INFO ] 2019-05-06T15:59:42,644 [main] AnnotationConfigServletWebServerApplicationContext - Refreshing org.springframework.boot.web.servlet.context.AnnotationConfigServletWebServerApplicationContext@f9d87b: startup date [Mon May 06 10:59:42 COT 2019]; root of context hierarchy
[INFO ] 2019-05-06T15:59:44,699 [main] TomcatWebServer - Tomcat initialized with port(s): 10050 (http)
[INFO ] 2019-05-06T15:59:44,726 [main] Http11NioProtocol - Initializing ProtocolHandler ["http-nio-10050"]
[INFO ] 2019-05-06T15:59:44,743 [main] StandardService - Starting service [Tomcat]
[INFO ] 2019-05-06T15:59:44,745 [main] StandardEngine - Starting Servlet Engine: Apache Tomcat/8.5.31
[INFO ] 2019-05-06T15:59:44,761 [localhost-startStop-1] AprLifecycleListener - The APR based Apache Tomcat Native library which allows optimal performance in production environments was not found on the java.library.path: [/Users/lauragongas/Library/Java/Extensions:/Library/Java/Extensions:/Network/Library/Java/Extensions:/System/Library/Java/Extensions:/usr/lib/java:.]
[INFO ] 2019-05-06T15:59:44,915 [localhost-startStop-1] [/] - Initializing Spring embedded WebApplicationContext
[INFO ] 2019-05-06T15:59:44,915 [localhost-startStop-1] ContextLoader - Root WebApplicationContext: initialization completed in 2275 ms
[INFO ] 2019-05-06T15:59:45,143 [localhost-startStop-1] ServletRegistrationBean - Servlet dispatcherServlet mapped to [/]
[INFO ] 2019-05-06T15:59:45,151 [localhost-startStop-1] FilterRegistrationBean - Mapping filter: 'characterEncodingFilter' to: [/*]
[INFO ] 2019-05-06T15:59:45,152 [localhost-startStop-1] FilterRegistrationBean - Mapping filter: 'hiddenHttpMethodFilter' to: [/*]
[INFO ] 2019-05-06T15:59:45,153 [localhost-startStop-1] FilterRegistrationBean - Mapping filter: 'httpPutFormContentFilter' to: [/*]
[INFO ] 2019-05-06T15:59:45,153 [localhost-startStop-1] FilterRegistrationBean - Mapping filter: 'requestContextFilter' to: [/*]
[INFO ] 2019-05-06T15:59:47,676 [main] RPCClient - Startup took 2218 msec
[INFO ] 2019-05-06T15:59:47,825 [main] SimpleUrlHandlerMapping - Mapped URL path [/**/favicon.ico] onto handler of type [class org.springframework.web.servlet.resource.ResourceHttpRequestHandler]
[INFO ] 2019-05-06T15:59:48,167 [main] RequestMappingHandlerAdapter - Looking for @ControllerAdvice: org.springframework.boot.web.servlet.context.AnnotationConfigServletWebServerApplicationContext@f9d87b: startup date [Mon May 06 10:59:42 COT 2019]; root of context hierarchy
[INFO ] 2019-05-06T15:59:48,298 [main] RequestMappingHandlerMapping - Mapped "{[/transfer],methods=[POST]}" onto public java.lang.String com.template.webserver.Controller.transfer(java.util.Map<java.lang.String, java.lang.Object>) throws java.lang.Exception
[INFO ] 2019-05-06T15:59:48,302 [main] RequestMappingHandlerMapping - Mapped "{[/addresses],methods=[GET],produces=[text/plain]}" onto private java.lang.String com.template.webserver.Controller.addresses()
[INFO ] 2019-05-06T15:59:48,303 [main] RequestMappingHandlerMapping - Mapped "{[/states],methods=[GET],produces=[text/plain]}" onto private java.lang.String com.template.webserver.Controller.states()
[INFO ] 2019-05-06T15:59:48,304 [main] RequestMappingHandlerMapping - Mapped "{[/templateendpoint],methods=[GET],produces=[text/plain]}" onto private java.lang.String com.template.webserver.Controller.templateendpoint()
[INFO ] 2019-05-06T15:59:48,305 [main] RequestMappingHandlerMapping - Mapped "{[/issue],methods=[POST]}" onto public java.lang.String com.template.webserver.Controller.issue(java.util.Map<java.lang.String, java.lang.Object>) throws java.lang.Exception
[INFO ] 2019-05-06T15:59:48,312 [main] RequestMappingHandlerMapping - Mapped "{[/error]}" onto public org.springframework.http.ResponseEntity<java.util.Map<java.lang.String, java.lang.Object>> org.springframework.boot.autoconfigure.web.servlet.error.BasicErrorController.error(javax.servlet.http.HttpServletRequest)
[INFO ] 2019-05-06T15:59:48,313 [main] RequestMappingHandlerMapping - Mapped "{[/error],produces=[text/html]}" onto public org.springframework.web.servlet.ModelAndView org.springframework.boot.autoconfigure.web.servlet.error.BasicErrorController.errorHtml(javax.servlet.http.HttpServletRequest,javax.servlet.http.HttpServletResponse)
[INFO ] 2019-05-06T15:59:48,354 [main] SimpleUrlHandlerMapping - Mapped URL path [/webjars/**] onto handler of type [class org.springframework.web.servlet.resource.ResourceHttpRequestHandler]
[INFO ] 2019-05-06T15:59:48,355 [main] SimpleUrlHandlerMapping - Mapped URL path [/**] onto handler of type [class org.springframework.web.servlet.resource.ResourceHttpRequestHandler]
[INFO ] 2019-05-06T15:59:48,441 [main] WelcomePageHandlerMapping - Adding welcome page: class path resource [static/index.html]
[INFO ] 2019-05-06T15:59:48,650 [main] AnnotationMBeanExporter - Registering beans for JMX exposure on startup
[INFO ] 2019-05-06T15:59:48,675 [main] Http11NioProtocol - Starting ProtocolHandler ["http-nio-10050"]
[INFO ] 2019-05-06T15:59:48,702 [main] NioSelectorPool - Using a shared selector for servlet write/read
[INFO ] 2019-05-06T15:59:48,729 [main] TomcatWebServer - Tomcat started on port(s): 10050 (http) with context path ''
[INFO ] 2019-05-06T15:59:48,736 [main] Starter - Started Starter in 8.366 seconds (JVM running for 9.75)
[INFO ] 2019-05-06T16:01:12,446 [http-nio-10050-exec-1] [/] - Initializing Spring FrameworkServlet 'dispatcherServlet'
[INFO ] 2019-05-06T16:01:12,448 [http-nio-10050-exec-1] DispatcherServlet - FrameworkServlet 'dispatcherServlet': initialization started
[INFO ] 2019-05-06T16:01:12,482 [http-nio-10050-exec-1] DispatcherServlet - FrameworkServlet 'dispatcherServlet': initialization completed in 34 ms
[WARN ] 2019-05-06T16:01:22,787 [http-nio-10050-exec-2] PageNotFound - Request method 'POST' not supported
[ERROR] 2019-05-06T16:01:54,720 [http-nio-10050-exec-4] [dispatcherServlet] - Servlet.service() for servlet [dispatcherServlet] in context with path [] threw exception [Request processing failed; nested exception is net.corda.core.CordaRuntimeException: net.corda.core.flows.IllegalFlowLogicException: A FlowLogicRef cannot be constructed for FlowLogic of type com.loken.flows.TransferFlow: due to missing constructor for arguments: [class java.lang.String, class net.corda.core.contracts.Amount]] with root cause
net.corda.core.CordaRuntimeException: net.corda.core.flows.IllegalFlowLogicException: A FlowLogicRef cannot be constructed for FlowLogic of type com.loken.flows.TransferFlow: due to missing constructor for arguments: [class java.lang.String, class net.corda.core.contracts.Amount]
[INFO ] 2019-05-06T16:13:13,869 [Thread-4] AnnotationConfigServletWebServerApplicationContext - Closing org.springframework.boot.web.servlet.context.AnnotationConfigServletWebServerApplicationContext@f9d87b: startup date [Mon May 06 10:59:42 COT 2019]; root of context hierarchy
[INFO ] 2019-05-06T16:13:13,899 [Thread-4] AnnotationMBeanExporter - Unregistering JMX-exposed beans on shutdown
[INFO ] 2019-05-06T16:17:23,333 [main] Starter - Starting Starter on lauragongas with PID 3610 (/Users/lauragongas/cordapp/clients/build/classes/java/main started by lauragongas in /Users/lauragongas/cordapp/clients)
[INFO ] 2019-05-06T16:17:23,342 [main] Starter - No active profile set, falling back to default profiles: default
[INFO ] 2019-05-06T16:17:23,428 [main] AnnotationConfigServletWebServerApplicationContext - Refreshing org.springframework.boot.web.servlet.context.AnnotationConfigServletWebServerApplicationContext@f9d87b: startup date [Mon May 06 11:17:23 COT 2019]; root of context hierarchy
[INFO ] 2019-05-06T16:17:25,565 [main] TomcatWebServer - Tomcat initialized with port(s): 10050 (http)
[INFO ] 2019-05-06T16:17:25,590 [main] Http11NioProtocol - Initializing ProtocolHandler ["http-nio-10050"]
[INFO ] 2019-05-06T16:17:25,607 [main] StandardService - Starting service [Tomcat]
[INFO ] 2019-05-06T16:17:25,609 [main] StandardEngine - Starting Servlet Engine: Apache Tomcat/8.5.31
[INFO ] 2019-05-06T16:17:25,628 [localhost-startStop-1] AprLifecycleListener - The APR based Apache Tomcat Native library which allows optimal performance in production environments was not found on the java.library.path: [/Users/lauragongas/Library/Java/Extensions:/Library/Java/Extensions:/Network/Library/Java/Extensions:/System/Library/Java/Extensions:/usr/lib/java:.]
[INFO ] 2019-05-06T16:17:25,787 [localhost-startStop-1] [/] - Initializing Spring embedded WebApplicationContext
[INFO ] 2019-05-06T16:17:25,787 [localhost-startStop-1] ContextLoader - Root WebApplicationContext: initialization completed in 2364 ms
[INFO ] 2019-05-06T16:17:25,976 [localhost-startStop-1] ServletRegistrationBean - Servlet dispatcherServlet mapped to [/]
[INFO ] 2019-05-06T16:17:25,983 [localhost-startStop-1] FilterRegistrationBean - Mapping filter: 'characterEncodingFilter' to: [/*]
[INFO ] 2019-05-06T16:17:25,984 [localhost-startStop-1] FilterRegistrationBean - Mapping filter: 'hiddenHttpMethodFilter' to: [/*]
[INFO ] 2019-05-06T16:17:25,984 [localhost-startStop-1] FilterRegistrationBean - Mapping filter: 'httpPutFormContentFilter' to: [/*]
[INFO ] 2019-05-06T16:17:25,985 [localhost-startStop-1] FilterRegistrationBean - Mapping filter: 'requestContextFilter' to: [/*]
[INFO ] 2019-05-06T16:17:28,348 [main] RPCClient - Startup took 2065 msec
[INFO ] 2019-05-06T16:17:28,477 [main] SimpleUrlHandlerMapping - Mapped URL path [/**/favicon.ico] onto handler of type [class org.springframework.web.servlet.resource.ResourceHttpRequestHandler]
[INFO ] 2019-05-06T16:17:28,816 [main] RequestMappingHandlerAdapter - Looking for @ControllerAdvice: org.springframework.boot.web.servlet.context.AnnotationConfigServletWebServerApplicationContext@f9d87b: startup date [Mon May 06 11:17:23 COT 2019]; root of context hierarchy
[INFO ] 2019-05-06T16:17:28,960 [main] RequestMappingHandlerMapping - Mapped "{[/transfer],methods=[POST]}" onto public java.lang.String com.template.webserver.Controller.transfer(java.util.Map<java.lang.String, java.lang.Object>) throws java.lang.Exception
[INFO ] 2019-05-06T16:17:28,963 [main] RequestMappingHandlerMapping - Mapped "{[/addresses],methods=[GET],produces=[text/plain]}" onto private java.lang.String com.template.webserver.Controller.addresses()
[INFO ] 2019-05-06T16:17:28,964 [main] RequestMappingHandlerMapping - Mapped "{[/states],methods=[GET],produces=[text/plain]}" onto private java.lang.String com.template.webserver.Controller.states()
[INFO ] 2019-05-06T16:17:28,964 [main] RequestMappingHandlerMapping - Mapped "{[/templateendpoint],methods=[GET],produces=[text/plain]}" onto private java.lang.String com.template.webserver.Controller.templateendpoint()
[INFO ] 2019-05-06T16:17:28,965 [main] RequestMappingHandlerMapping - Mapped "{[/issue],methods=[POST]}" onto public java.lang.String com.template.webserver.Controller.issue(java.util.Map<java.lang.String, java.lang.Object>) throws java.lang.Exception
[INFO ] 2019-05-06T16:17:28,970 [main] RequestMappingHandlerMapping - Mapped "{[/error]}" onto public org.springframework.http.ResponseEntity<java.util.Map<java.lang.String, java.lang.Object>> org.springframework.boot.autoconfigure.web.servlet.error.BasicErrorController.error(javax.servlet.http.HttpServletRequest)
[INFO ] 2019-05-06T16:17:28,971 [main] RequestMappingHandlerMapping - Mapped "{[/error],produces=[text/html]}" onto public org.springframework.web.servlet.ModelAndView org.springframework.boot.autoconfigure.web.servlet.error.BasicErrorController.errorHtml(javax.servlet.http.HttpServletRequest,javax.servlet.http.HttpServletResponse)
[INFO ] 2019-05-06T16:17:29,012 [main] SimpleUrlHandlerMapping - Mapped URL path [/webjars/**] onto handler of type [class org.springframework.web.servlet.resource.ResourceHttpRequestHandler]
[INFO ] 2019-05-06T16:17:29,012 [main] SimpleUrlHandlerMapping - Mapped URL path [/**] onto handler of type [class org.springframework.web.servlet.resource.ResourceHttpRequestHandler]
[INFO ] 2019-05-06T16:17:29,095 [main] WelcomePageHandlerMapping - Adding welcome page: class path resource [static/index.html]
[INFO ] 2019-05-06T16:17:29,328 [main] AnnotationMBeanExporter - Registering beans for JMX exposure on startup
[INFO ] 2019-05-06T16:17:29,353 [main] Http11NioProtocol - Starting ProtocolHandler ["http-nio-10050"]
[INFO ] 2019-05-06T16:17:29,380 [main] NioSelectorPool - Using a shared selector for servlet write/read
[INFO ] 2019-05-06T16:17:29,405 [main] TomcatWebServer - Tomcat started on port(s): 10050 (http) with context path ''
[INFO ] 2019-05-06T16:17:29,412 [main] Starter - Started Starter in 8.276 seconds (JVM running for 9.702)
[INFO ] 2019-05-06T16:17:50,794 [http-nio-10050-exec-1] [/] - Initializing Spring FrameworkServlet 'dispatcherServlet'
[INFO ] 2019-05-06T16:17:50,794 [http-nio-10050-exec-1] DispatcherServlet - FrameworkServlet 'dispatcherServlet': initialization started
[INFO ] 2019-05-06T16:17:50,821 [http-nio-10050-exec-1] DispatcherServlet - FrameworkServlet 'dispatcherServlet': initialization completed in 26 ms
[WARN ] 2019-05-06T16:32:14,088 [Thread-5 (ActiveMQ-client-global-threads)] client - AMQ212037: Connection failure has been detected: AMQ119015: The connection was disconnected because of server shutdown [code=DISCONNECTED]
[WARN ] 2019-05-06T16:32:14,108 [Thread-5 (ActiveMQ-client-global-threads)] RPCClientProxyHandler - Terminating observables.
[INFO ] 2019-05-06T16:33:08,223 [Thread-4] AnnotationConfigServletWebServerApplicationContext - Closing org.springframework.boot.web.servlet.context.AnnotationConfigServletWebServerApplicationContext@f9d87b: startup date [Mon May 06 11:17:23 COT 2019]; root of context hierarchy
[INFO ] 2019-05-06T16:33:08,510 [Thread-4] AnnotationMBeanExporter - Unregistering JMX-exposed beans on shutdown
[WARN ] 2019-05-06T16:33:08,574 [Thread-5 (ActiveMQ-client-global-threads)] client - AMQ212004: Failed to connect to server.
[ERROR] 2019-05-06T16:33:08,576 [Thread-5 (ActiveMQ-client-global-threads)] RPCClientProxyHandler - Could not reconnect to the RPC server.
[ERROR] 2019-05-06T16:33:38,903 [Thread-5 (ActiveMQ-client-global-threads)] rejectedExecution - Failed to submit a listener notification task. Event loop shut down?
java.util.concurrent.RejectedExecutionException: event executor terminated
	at io.netty.util.concurrent.SingleThreadEventExecutor.reject(SingleThreadEventExecutor.java:842) ~[netty-common-4.1.24.Final.jar:4.1.24.Final]
	at io.netty.util.concurrent.SingleThreadEventExecutor.offerTask(SingleThreadEventExecutor.java:328) ~[netty-common-4.1.24.Final.jar:4.1.24.Final]
	at io.netty.util.concurrent.SingleThreadEventExecutor.addTask(SingleThreadEventExecutor.java:321) ~[netty-common-4.1.24.Final.jar:4.1.24.Final]
	at io.netty.util.concurrent.SingleThreadEventExecutor.execute(SingleThreadEventExecutor.java:765) ~[netty-common-4.1.24.Final.jar:4.1.24.Final]
	at io.netty.util.concurrent.DefaultPromise.safeExecute(DefaultPromise.java:764) ~[netty-common-4.1.24.Final.jar:4.1.24.Final]
	at io.netty.util.concurrent.DefaultPromise.notifyListeners(DefaultPromise.java:432) ~[netty-common-4.1.24.Final.jar:4.1.24.Final]
	at io.netty.util.concurrent.DefaultPromise.setFailure(DefaultPromise.java:112) ~[netty-common-4.1.24.Final.jar:4.1.24.Final]
	at io.netty.channel.DefaultChannelPromise.setFailure(DefaultChannelPromise.java:89) ~[netty-transport-4.1.24.Final.jar:4.1.24.Final]
	at io.netty.channel.AbstractChannelHandlerContext.safeExecute(AbstractChannelHandlerContext.java:1010) ~[netty-transport-4.1.24.Final.jar:4.1.24.Final]
	at io.netty.channel.AbstractChannelHandlerContext.close(AbstractChannelHandlerContext.java:610) ~[netty-transport-4.1.24.Final.jar:4.1.24.Final]
	at io.netty.channel.AbstractChannelHandlerContext.close(AbstractChannelHandlerContext.java:465) ~[netty-transport-4.1.24.Final.jar:4.1.24.Final]
	at io.netty.channel.DefaultChannelPipeline.close(DefaultChannelPipeline.java:1003) ~[netty-transport-4.1.24.Final.jar:4.1.24.Final]
	at io.netty.channel.AbstractChannel.close(AbstractChannel.java:238) ~[netty-transport-4.1.24.Final.jar:4.1.24.Final]
	at org.apache.activemq.artemis.core.remoting.impl.netty.NettyConnection.closeChannel(NettyConnection.java:558) ~[artemis-core-client-2.6.2.jar:2.6.2]
	at org.apache.activemq.artemis.core.remoting.impl.netty.NettyConnection.close(NettyConnection.java:240) ~[artemis-core-client-2.6.2.jar:2.6.2]
	at org.apache.activemq.artemis.core.protocol.core.impl.RemotingConnectionImpl.internalClose(RemotingConnectionImpl.java:417) ~[artemis-core-client-2.6.2.jar:2.6.2]
	at org.apache.activemq.artemis.core.protocol.core.impl.RemotingConnectionImpl.fail(RemotingConnectionImpl.java:218) ~[artemis-core-client-2.6.2.jar:2.6.2]
	at org.apache.activemq.artemis.spi.core.protocol.AbstractRemotingConnection.fail(AbstractRemotingConnection.java:218) ~[artemis-core-client-2.6.2.jar:2.6.2]
	at org.apache.activemq.artemis.core.client.impl.ClientSessionFactoryImpl$CloseRunnable.run(ClientSessionFactoryImpl.java:1000) ~[artemis-core-client-2.6.2.jar:2.6.2]
	at org.apache.activemq.artemis.utils.actors.OrderedExecutor.doTask(OrderedExecutor.java:42) ~[artemis-commons-2.6.2.jar:2.6.2]
	at org.apache.activemq.artemis.utils.actors.OrderedExecutor.doTask(OrderedExecutor.java:31) ~[artemis-commons-2.6.2.jar:2.6.2]
	at org.apache.activemq.artemis.utils.actors.ProcessorBase.executePendingTasks(ProcessorBase.java:66) ~[artemis-commons-2.6.2.jar:2.6.2]
	at java.util.concurrent.ThreadPoolExecutor.runWorker(ThreadPoolExecutor.java:1149) [?:1.8.0_202]
	at java.util.concurrent.ThreadPoolExecutor$Worker.run(ThreadPoolExecutor.java:624) [?:1.8.0_202]
	at org.apache.activemq.artemis.utils.ActiveMQThreadFactory$1.run(ActiveMQThreadFactory.java:118) [artemis-commons-2.6.2.jar:2.6.2]
[INFO ] 2019-05-06T16:40:57,478 [main] Starter - Starting Starter on lauragongas with PID 5054 (/Users/lauragongas/cordapp/clients/build/classes/java/main started by lauragongas in /Users/lauragongas/cordapp/clients)
[INFO ] 2019-05-06T16:40:57,488 [main] Starter - No active profile set, falling back to default profiles: default
[INFO ] 2019-05-06T16:40:57,602 [main] AnnotationConfigServletWebServerApplicationContext - Refreshing org.springframework.boot.web.servlet.context.AnnotationConfigServletWebServerApplicationContext@f9d87b: startup date [Mon May 06 11:40:57 COT 2019]; root of context hierarchy
[INFO ] 2019-05-06T16:40:59,427 [main] TomcatWebServer - Tomcat initialized with port(s): 10050 (http)
[INFO ] 2019-05-06T16:40:59,451 [main] Http11NioProtocol - Initializing ProtocolHandler ["http-nio-10050"]
[INFO ] 2019-05-06T16:40:59,466 [main] StandardService - Starting service [Tomcat]
[INFO ] 2019-05-06T16:40:59,467 [main] StandardEngine - Starting Servlet Engine: Apache Tomcat/8.5.31
[INFO ] 2019-05-06T16:40:59,481 [localhost-startStop-1] AprLifecycleListener - The APR based Apache Tomcat Native library which allows optimal performance in production environments was not found on the java.library.path: [/Users/lauragongas/Library/Java/Extensions:/Library/Java/Extensions:/Network/Library/Java/Extensions:/System/Library/Java/Extensions:/usr/lib/java:.]
[INFO ] 2019-05-06T16:40:59,662 [localhost-startStop-1] [/] - Initializing Spring embedded WebApplicationContext
[INFO ] 2019-05-06T16:40:59,662 [localhost-startStop-1] ContextLoader - Root WebApplicationContext: initialization completed in 2072 ms
[INFO ] 2019-05-06T16:40:59,849 [localhost-startStop-1] ServletRegistrationBean - Servlet dispatcherServlet mapped to [/]
[INFO ] 2019-05-06T16:40:59,856 [localhost-startStop-1] FilterRegistrationBean - Mapping filter: 'characterEncodingFilter' to: [/*]
[INFO ] 2019-05-06T16:40:59,857 [localhost-startStop-1] FilterRegistrationBean - Mapping filter: 'hiddenHttpMethodFilter' to: [/*]
[INFO ] 2019-05-06T16:40:59,858 [localhost-startStop-1] FilterRegistrationBean - Mapping filter: 'httpPutFormContentFilter' to: [/*]
[INFO ] 2019-05-06T16:40:59,859 [localhost-startStop-1] FilterRegistrationBean - Mapping filter: 'requestContextFilter' to: [/*]
[INFO ] 2019-05-06T16:41:02,238 [main] RPCClient - Startup took 2112 msec
[INFO ] 2019-05-06T16:41:02,388 [main] SimpleUrlHandlerMapping - Mapped URL path [/**/favicon.ico] onto handler of type [class org.springframework.web.servlet.resource.ResourceHttpRequestHandler]
[INFO ] 2019-05-06T16:41:02,716 [main] RequestMappingHandlerAdapter - Looking for @ControllerAdvice: org.springframework.boot.web.servlet.context.AnnotationConfigServletWebServerApplicationContext@f9d87b: startup date [Mon May 06 11:40:57 COT 2019]; root of context hierarchy
[INFO ] 2019-05-06T16:41:02,843 [main] RequestMappingHandlerMapping - Mapped "{[/transfer],methods=[POST]}" onto public java.lang.String com.template.webserver.Controller.transfer(java.util.Map<java.lang.String, java.lang.Object>) throws java.lang.Exception
[INFO ] 2019-05-06T16:41:02,846 [main] RequestMappingHandlerMapping - Mapped "{[/addresses],methods=[GET],produces=[text/plain]}" onto private java.lang.String com.template.webserver.Controller.addresses()
[INFO ] 2019-05-06T16:41:02,847 [main] RequestMappingHandlerMapping - Mapped "{[/states],methods=[GET],produces=[text/plain]}" onto private java.lang.String com.template.webserver.Controller.states()
[INFO ] 2019-05-06T16:41:02,847 [main] RequestMappingHandlerMapping - Mapped "{[/templateendpoint],methods=[GET],produces=[text/plain]}" onto private java.lang.String com.template.webserver.Controller.templateendpoint()
[INFO ] 2019-05-06T16:41:02,848 [main] RequestMappingHandlerMapping - Mapped "{[/issue],methods=[POST]}" onto public java.lang.String com.template.webserver.Controller.issue(java.util.Map<java.lang.String, java.lang.Object>) throws java.lang.Exception
[INFO ] 2019-05-06T16:41:02,852 [main] RequestMappingHandlerMapping - Mapped "{[/error]}" onto public org.springframework.http.ResponseEntity<java.util.Map<java.lang.String, java.lang.Object>> org.springframework.boot.autoconfigure.web.servlet.error.BasicErrorController.error(javax.servlet.http.HttpServletRequest)
[INFO ] 2019-05-06T16:41:02,853 [main] RequestMappingHandlerMapping - Mapped "{[/error],produces=[text/html]}" onto public org.springframework.web.servlet.ModelAndView org.springframework.boot.autoconfigure.web.servlet.error.BasicErrorController.errorHtml(javax.servlet.http.HttpServletRequest,javax.servlet.http.HttpServletResponse)
[INFO ] 2019-05-06T16:41:02,908 [main] SimpleUrlHandlerMapping - Mapped URL path [/webjars/**] onto handler of type [class org.springframework.web.servlet.resource.ResourceHttpRequestHandler]
[INFO ] 2019-05-06T16:41:02,908 [main] SimpleUrlHandlerMapping - Mapped URL path [/**] onto handler of type [class org.springframework.web.servlet.resource.ResourceHttpRequestHandler]
[INFO ] 2019-05-06T16:41:02,997 [main] WelcomePageHandlerMapping - Adding welcome page: class path resource [static/index.html]
[INFO ] 2019-05-06T16:41:03,231 [main] AnnotationMBeanExporter - Registering beans for JMX exposure on startup
[INFO ] 2019-05-06T16:41:03,256 [main] Http11NioProtocol - Starting ProtocolHandler ["http-nio-10050"]
[INFO ] 2019-05-06T16:41:03,282 [main] NioSelectorPool - Using a shared selector for servlet write/read
[INFO ] 2019-05-06T16:41:03,314 [main] TomcatWebServer - Tomcat started on port(s): 10050 (http) with context path ''
[INFO ] 2019-05-06T16:41:03,322 [main] Starter - Started Starter in 7.931 seconds (JVM running for 9.301)
[INFO ] 2019-05-06T16:41:31,960 [http-nio-10050-exec-1] [/] - Initializing Spring FrameworkServlet 'dispatcherServlet'
[INFO ] 2019-05-06T16:41:31,961 [http-nio-10050-exec-1] DispatcherServlet - FrameworkServlet 'dispatcherServlet': initialization started
[INFO ] 2019-05-06T16:41:31,986 [http-nio-10050-exec-1] DispatcherServlet - FrameworkServlet 'dispatcherServlet': initialization completed in 25 ms
[WARN ] 2019-05-06T16:41:51,036 [http-nio-10050-exec-2] DefaultHandlerExceptionResolver - Failed to read HTTP message: org.springframework.http.converter.HttpMessageNotReadableException: Required request body is missing: public java.lang.String com.template.webserver.Controller.issue(java.util.Map<java.lang.String, java.lang.Object>) throws java.lang.Exception
[WARN ] 2019-05-06T16:43:11,094 [http-nio-10050-exec-8] DefaultHandlerExceptionResolver - Failed to read HTTP message: org.springframework.http.converter.HttpMessageNotReadableException: Required request body is missing: public java.lang.String com.template.webserver.Controller.issue(java.util.Map<java.lang.String, java.lang.Object>) throws java.lang.Exception
[INFO ] 2019-05-06T16:46:00,281 [http-nio-10050-exec-5] Http11Processor - Error parsing HTTP request header
 Note: further occurrences of HTTP header parsing errors will be logged at DEBUG level.
java.lang.IllegalArgumentException: Invalid character found in method name. HTTP method names must be tokens
	at org.apache.coyote.http11.Http11InputBuffer.parseRequestLine(Http11InputBuffer.java:428) ~[tomcat-embed-core-8.5.31.jar:8.5.31]
	at org.apache.coyote.http11.Http11Processor.service(Http11Processor.java:687) [tomcat-embed-core-8.5.31.jar:8.5.31]
	at org.apache.coyote.AbstractProcessorLight.process(AbstractProcessorLight.java:66) [tomcat-embed-core-8.5.31.jar:8.5.31]
	at org.apache.coyote.AbstractProtocol$ConnectionHandler.process(AbstractProtocol.java:790) [tomcat-embed-core-8.5.31.jar:8.5.31]
	at org.apache.tomcat.util.net.NioEndpoint$SocketProcessor.doRun(NioEndpoint.java:1468) [tomcat-embed-core-8.5.31.jar:8.5.31]
	at org.apache.tomcat.util.net.SocketProcessorBase.run(SocketProcessorBase.java:49) [tomcat-embed-core-8.5.31.jar:8.5.31]
	at java.util.concurrent.ThreadPoolExecutor.runWorker(ThreadPoolExecutor.java:1149) [?:1.8.0_202]
	at java.util.concurrent.ThreadPoolExecutor$Worker.run(ThreadPoolExecutor.java:624) [?:1.8.0_202]
	at org.apache.tomcat.util.threads.TaskThread$WrappingRunnable.run(TaskThread.java:61) [tomcat-embed-core-8.5.31.jar:8.5.31]
	at java.lang.Thread.run(Thread.java:748) [?:1.8.0_202]
[WARN ] 2019-05-06T16:46:25,878 [http-nio-10050-exec-6] DefaultHandlerExceptionResolver - Failed to read HTTP message: org.springframework.http.converter.HttpMessageNotReadableException: Required request body is missing: public java.lang.String com.template.webserver.Controller.issue(java.util.Map<java.lang.String, java.lang.Object>) throws java.lang.Exception
[INFO ] 2019-05-06T16:50:57,106 [Thread-4] AnnotationConfigServletWebServerApplicationContext - Closing org.springframework.boot.web.servlet.context.AnnotationConfigServletWebServerApplicationContext@f9d87b: startup date [Mon May 06 11:40:57 COT 2019]; root of context hierarchy
[INFO ] 2019-05-06T16:50:57,145 [Thread-4] AnnotationMBeanExporter - Unregistering JMX-exposed beans on shutdown
